TN:
SF:src/account/MetaAccount.sol
DA:71,36
FN:71,MetaAccount.constructor
FNDA:36,MetaAccount.constructor
DA:78,36
BRDA:78,0,0,1
DA:79,1
DA:81,35
DA:102,9
FN:102,MetaAccount._validateExecute
FNDA:9,MetaAccount._validateExecute
DA:104,9
DA:107,9
DA:108,9
BRDA:108,1,0,7
DA:109,7
DA:132,9
FN:132,MetaAccount._isValidFeeCall
FNDA:9,MetaAccount._isValidFeeCall
DA:133,9
DA:134,9
BRDA:134,2,0,2
DA:135,2
DA:137,7
BRDA:137,3,0,1
DA:139,1
DA:142,6
DA:143,6
DA:144,6
DA:145,6
DA:146,3
FNF:3
FNH:3
LF:20
LH:20
BRF:4
BRH:4
end_of_record
TN:
SF:src/core/BaseAccount.sol
DA:71,73
FN:71,BaseAccount.constructor
FNDA:73,BaseAccount.constructor
DA:80,73
DA:84,15
FN:84,BaseAccount.onlyProxy
FNDA:15,BaseAccount.onlyProxy
DA:85,15
DA:90,4
FN:90,BaseAccount.validateDeadline
FNDA:4,BaseAccount.validateDeadline
DA:91,4
DA:96,4
FN:96,BaseAccount.validateCalls
FNDA:4,BaseAccount.validateCalls
DA:97,4
DA:105,9
FN:105,BaseAccount._validateExecute.0
FNDA:9,BaseAccount._validateExecute.0
DA:111,22
FN:111,BaseAccount._validateExecute.1
FNDA:22,BaseAccount._validateExecute.1
DA:118,17
FN:118,BaseAccount.nonce
FNDA:17,BaseAccount.nonce
DA:119,17
DA:126,4
FN:126,BaseAccount.getBatchHash
FNDA:4,BaseAccount.getBatchHash
DA:127,4
DA:134,17
FN:134,BaseAccount.execute.0
FNDA:17,BaseAccount.execute.0
DA:135,9
DA:136,9
DA:144,24
FN:144,BaseAccount.execute.1
FNDA:24,BaseAccount.execute.1
DA:154,20
DA:155,13
DA:157,12
DA:158,12
BRDA:158,0,0,1
DA:159,1
DA:163,11
DA:166,9
DA:176,4
FN:176,BaseAccount.simulateBatch
FNDA:4,BaseAccount.simulateBatch
DA:185,4
BRDA:185,1,0,2
DA:186,2
DA:189,2
DA:191,2
BRDA:191,2,0,2
DA:193,2
DA:194,2
DA:196,2
DA:197,2
DA:203,14
FN:203,BaseAccount.withdrawToken
FNDA:14,BaseAccount.withdrawToken
DA:204,10
BRDA:204,4,0,4
BRDA:204,4,1,2
DA:205,4
DA:206,4
BRDA:206,5,0,2
DA:207,2
DA:210,6
DA:212,8
DA:215,4
FN:215,BaseAccount.isValidSignature
FNDA:4,BaseAccount.isValidSignature
DA:216,4
DA:219,12
FN:219,BaseAccount.supportsInterface
FNDA:12,BaseAccount.supportsInterface
DA:220,12
DA:221,8
DA:222,4
DA:225,15
FN:225,BaseAccount._onlyProxy
FNDA:15,BaseAccount._onlyProxy
DA:226,15
BRDA:226,6,0,6
DA:227,6
DA:231,43
FN:231,BaseAccount._validateCalls
FNDA:43,BaseAccount._validateCalls
DA:232,43
BRDA:232,7,0,4
DA:233,4
DA:237,28
FN:237,BaseAccount._validateDeadline
FNDA:28,BaseAccount._validateDeadline
DA:238,28
BRDA:238,8,0,2
DA:239,2
DA:243,2
FN:243,BaseAccount._simulateBatch
FNDA:2,BaseAccount._simulateBatch
DA:244,2
DA:245,2
DA:246,2
DA:254,20
FN:254,BaseAccount._executeBatch
FNDA:20,BaseAccount._executeBatch
DA:255,20
DA:256,20
DA:257,10030
DA:261,10030
FN:261,BaseAccount._executeCall
FNDA:10030,BaseAccount._executeCall
DA:262,10030
DA:264,10030
BRDA:264,9,0,4
DA:265,4
DA:274,13
FN:274,BaseAccount._useCheckedNonce
FNDA:13,BaseAccount._useCheckedNonce
DA:275,13
DA:279,4
FN:279,BaseAccount._extractRevertReason
FNDA:4,BaseAccount._extractRevertReason
DA:280,4
BRDA:280,10,0,3
DA:284,1
DA:286,1
DA:293,14
FN:293,BaseAccount._getBatchTypedHash
FNDA:14,BaseAccount._getBatchTypedHash
DA:294,14
DA:297,18
FN:297,BaseAccount._checkSignature
FNDA:18,BaseAccount._checkSignature
DA:298,18
FNF:24
FNH:24
LF:78
LH:78
BRF:11
BRH:11
end_of_record
TN:
SF:src/core/FeeManager.sol
DA:54,19
FN:54,FeeManager.supportedTokens
FNDA:19,FeeManager.supportedTokens
DA:55,19
DA:61,16
FN:61,FeeManager.isTokenEnabled
FNDA:16,FeeManager.isTokenEnabled
DA:62,16
DA:71,65
FN:71,FeeManager.addTokens
FNDA:65,FeeManager.addTokens
DA:72,64
DA:73,64
DA:74,88
DA:77,88
BRDA:77,0,0,1
DA:78,1
DA:82,87
BRDA:82,1,0,1
DA:83,1
DA:87,86
BRDA:87,2,0,1
DA:88,1
DA:91,85
DA:92,85
DA:95,85
DA:103,6
FN:103,FeeManager.setTokenEnabled
FNDA:6,FeeManager.setTokenEnabled
DA:104,6
BRDA:104,3,0,1
DA:105,1
DA:107,5
DA:108,5
DA:114,4
FN:114,FeeManager.setTokenConfig
FNDA:4,FeeManager.setTokenConfig
DA:115,3
BRDA:115,4,0,1
DA:116,1
DA:118,2
DA:119,2
DA:124,7
FN:124,FeeManager.removeToken
FNDA:7,FeeManager.removeToken
DA:125,6
BRDA:125,5,0,2
DA:126,2
DA:129,4
DA:135,3
FN:135,FeeManager.withdrawToken
FNDA:3,FeeManager.withdrawToken
DA:136,3
BRDA:136,6,0,2
BRDA:136,6,1,1
DA:137,2
DA:138,2
BRDA:138,7,0,1
DA:139,1
DA:142,1
DA:144,2
FNF:7
FNH:7
LF:38
LH:38
BRF:9
BRH:9
end_of_record
TN:
SF:src/core/IncrementalNonces.sol
DA:61,28
FN:61,IncrementalNonces.nonce
FNDA:28,IncrementalNonces.nonce
DA:62,28
DA:68,4
FN:68,IncrementalNonces.useNonce.0
FNDA:4,IncrementalNonces.useNonce.0
DA:69,4
DA:76,5
FN:76,IncrementalNonces.useNonce.1
FNDA:5,IncrementalNonces.useNonce.1
DA:77,4
DA:83,17
FN:83,IncrementalNonces.useCheckedNonce.0
FNDA:17,IncrementalNonces.useCheckedNonce.0
DA:84,17
DA:85,17
BRDA:85,0,0,2
DA:86,2
DA:94,2
FN:94,IncrementalNonces.useCheckedNonce.1
FNDA:2,IncrementalNonces.useCheckedNonce.1
DA:95,2
DA:96,2
BRDA:96,1,0,1
DA:97,1
DA:104,6
FN:104,IncrementalNonces._useNonce.0
FNDA:6,IncrementalNonces._useNonce.0
DA:107,6
DA:113,21
FN:113,IncrementalNonces._useNonce.1
FNDA:21,IncrementalNonces._useNonce.1
DA:116,21
FNF:7
FNH:7
LF:18
LH:18
BRF:2
BRH:2
end_of_record
TN:
SF:src/libraries/CallHash.sol
DA:31,46
FN:31,CallHash.hash
FNDA:46,CallHash.hash
DA:32,46
DA:33,46
DA:34,46
DA:35,20063
DA:38,46
DA:44,20063
FN:44,CallHash._hashCall
FNDA:20063,CallHash._hashCall
DA:45,20063
FNF:2
FNH:2
LF:8
LH:8
BRF:0
BRH:0
end_of_record
